<?xml version="1.0" encoding="UTF-8"?>
<!-- Generated by org.testng.reporters.JUnitReportReporter -->
<testsuite skipped="0" hostname="uptech" name="com.ijmeet.functionaltests.SignInPageTest" tests="6" failures="0" timestamp="10 Oct 2020 08:34:12 GMT" time="32.704" errors="0">
  <testcase name="verifySignInTextVisibility" time="4.676" classname="com.ijmeet.functionaltests.SignInPageTest"/>
  <testcase name="verifyPasswordTextboxVisibilityTest" time="4.986" classname="com.ijmeet.functionaltests.SignInPageTest"/>
  <testcase name="verifyPasswordLabelVisibilityTest" time="5.079" classname="com.ijmeet.functionaltests.SignInPageTest"/>
  <testcase name="verifyEmailAddressLabelVisibilityTest" time="4.111" classname="com.ijmeet.functionaltests.SignInPageTest"/>
  <testcase name="verifyEmailAddressTextboxVisibilityTest" time="9.487" classname="com.ijmeet.functionaltests.SignInPageTest"/>
  <testcase name="verifyForgotYourPasswordVisibilityTest" time="4.365" classname="com.ijmeet.functionaltests.SignInPageTest"/>
</testsuite> <!-- com.ijmeet.functionaltests.SignInPageTest -->
