<?xml version="1.0" encoding="UTF-8"?>
<!-- Generated by org.testng.reporters.JUnitReportReporter -->
<testsuite skipped="0" hostname="shree" name="com.ijmeet.functionaltests.SignInPageTest" tests="1" failures="0" timestamp="08 Oct 2020 06:02:22 GMT" time="10.768" errors="0">
  <testcase name="verifySignInTextVisibility" time="10.768" classname="com.ijmeet.functionaltests.SignInPageTest"/>
</testsuite> <!-- com.ijmeet.functionaltests.SignInPageTest -->
