<?xml version="1.0" encoding="UTF-8"?>
<!-- Generated by org.testng.reporters.JUnitReportReporter -->
<testsuite hostname="LAPTOP-CNNSTU0S" failures="0" tests="1" name="com.ijmeet.package1.SignUpTests" time="46.759" errors="0" timestamp="05 Oct 2020 18:18:32 GMT" skipped="0">
  <testcase classname="com.ijmeet.package1.SignUpTests" name="launchBrowser" time="46.759"/>
</testsuite> <!-- com.ijmeet.package1.SignUpTests -->
