<?xml version="1.0" encoding="UTF-8"?>
<!-- Generated by org.testng.reporters.JUnitReportReporter -->
<testsuite skipped="0" hostname="uptech" name="com.ijmeet.functionaltests.hostMeetingTest" tests="2" failures="0" timestamp="10 Oct 2020 08:38:49 GMT" time="19.430" errors="0">
  <testcase name="verifyIsSignUpTextPresent" time="10.232" classname="com.ijmeet.functionaltests.hostMeetingTest"/>
  <testcase name="verifyIsParagraphAvailable" time="9.198" classname="com.ijmeet.functionaltests.hostMeetingTest"/>
</testsuite> <!-- com.ijmeet.functionaltests.hostMeetingTest -->
