<?xml version="1.0" encoding="UTF-8"?>
<!-- Generated by org.testng.reporters.JUnitReportReporter -->
<testsuite skipped="0" hostname="uptech" name="com.ijmeet.functionaltests.ContactSalesTest" tests="2" failures="0" timestamp="10 Oct 2020 08:34:12 GMT" time="8.548" errors="0">
  <testcase name="isNameTextBoxAvailableTest" time="4.739" classname="com.ijmeet.functionaltests.ContactSalesTest"/>
  <testcase name="verifyContactSalesPageTest" time="3.809" classname="com.ijmeet.functionaltests.ContactSalesTest"/>
</testsuite> <!-- com.ijmeet.functionaltests.ContactSalesTest -->
