<?xml version="1.0" encoding="UTF-8"?>
<!-- Generated by org.testng.reporters.JUnitReportReporter -->
<testsuite skipped="0" hostname="abc-PC" name="com.ijmeet.functionaltests.ContactSalesTest" tests="1" failures="0" timestamp="10 Oct 2020 08:57:53 GMT" time="13.430" errors="0">
  <testcase name="isEmailTextBoxClickableTest" time="13.430" classname="com.ijmeet.functionaltests.ContactSalesTest"/>
</testsuite> <!-- com.ijmeet.functionaltests.ContactSalesTest -->
