<?xml version="1.0" encoding="UTF-8"?>
<!-- Generated by org.testng.reporters.JUnitReportReporter -->
<testsuite skipped="0" hostname="Dell-PC" name="com.ijmeet.functionaltests.SignInPageTest" tests="1" failures="0" timestamp="05 Oct 2020 17:50:31 GMT" time="175.644" errors="0">
  <testcase name="verifySignInTextVisibility" time="175.644" classname="com.ijmeet.functionaltests.SignInPageTest"/>
</testsuite> <!-- com.ijmeet.functionaltests.SignInPageTest -->
