<?xml version="1.0" encoding="UTF-8"?>
<!-- Generated by org.testng.reporters.JUnitReportReporter -->
<testsuite skipped="0" hostname="shree" name="com.ijmeet.functionaltests.HomepageTests" tests="2" failures="0" timestamp="08 Oct 2020 15:26:31 GMT" time="0.143" errors="0">
  <testcase name="verifyTitle" time="0.012" classname="com.ijmeet.functionaltests.HomepageTests"/>
  <testcase name="verifyIsLogoPresent" time="0.131" classname="com.ijmeet.functionaltests.HomepageTests"/>
</testsuite> <!-- com.ijmeet.functionaltests.HomepageTests -->
