<?xml version="1.0" encoding="UTF-8"?>
<!-- Generated by org.testng.reporters.JUnitReportReporter -->
<testsuite skipped="0" hostname="uptech" name="com.ijmeet.functionaltests.hostMeetingTest" tests="1" failures="0" timestamp="08 Oct 2020 04:03:10 GMT" time="33.819" errors="0">
  <testcase name="verifyIsSignUpTextPresent" time="33.819" classname="com.ijmeet.functionaltests.hostMeetingTest"/>
</testsuite> <!-- com.ijmeet.functionaltests.hostMeetingTest -->
