<?xml version="1.0" encoding="UTF-8"?>
<!-- Generated by org.testng.reporters.JUnitReportReporter -->
<testsuite skipped="0" hostname="abc-PC" name="com.ijmeet.functionaltests.SignInPageTest" tests="1" failures="0" timestamp="07 Oct 2020 11:44:34 GMT" time="2.814" errors="0">
  <testcase name="verifySignInTextVisibility" time="2.814" classname="com.ijmeet.functionaltests.SignInPageTest"/>
</testsuite> <!-- com.ijmeet.functionaltests.SignInPageTest -->
