<?xml version="1.0" encoding="UTF-8"?>
<!-- Generated by org.testng.reporters.JUnitReportReporter -->
<<<<<<< HEAD
<testsuite skipped="0" hostname="Dell-PC" name="com.ijmeet.functionaltests.SignInPageTest" tests="5" failures="0" timestamp="07 Oct 2020 18:30:53 GMT" time="56.402" errors="0">
  <testcase name="verifyEmailAddressTextboxVisibilityTest" time="5.120" classname="com.ijmeet.functionaltests.SignInPageTest"/>
  <testcase name="verifySignInTextVisibility" time="2.195" classname="com.ijmeet.functionaltests.SignInPageTest"/>
  <testcase name="verifyEmailAddressLabelVisibilityTest" time="3.460" classname="com.ijmeet.functionaltests.SignInPageTest"/>
  <testcase name="verifyPasswordLabelVisibilityTest" time="41.373" classname="com.ijmeet.functionaltests.SignInPageTest"/>
  <testcase name="verifyPasswordTextboxVisibilityTest" time="4.254" classname="com.ijmeet.functionaltests.SignInPageTest"/>
=======

<testsuite skipped="0" hostname="shree" name="com.ijmeet.functionaltests.SignInPageTest" tests="1" failures="0" timestamp="08 Oct 2020 06:02:22 GMT" time="10.768" errors="0">
  <testcase name="verifySignInTextVisibility" time="10.768" classname="com.ijmeet.functionaltests.SignInPageTest"/>

<testsuite skipped="0" hostname="abc-PC" name="com.ijmeet.functionaltests.SignInPageTest" tests="1" failures="0" timestamp="07 Oct 2020 11:44:34 GMT" time="2.814" errors="0">
  <testcase name="verifySignInTextVisibility" time="2.814" classname="com.ijmeet.functionaltests.SignInPageTest"/>

>>>>>>> 30f29a7b901f035bddb9bba0fedb41d986394d2d
</testsuite> <!-- com.ijmeet.functionaltests.SignInPageTest -->
