<?xml version="1.0" encoding="UTF-8"?>
<!-- Generated by org.testng.reporters.JUnitReportReporter -->
<testsuite skipped="0" hostname="Dell-PC" name="com.ijmeet.functionaltests.SignInPageTest" tests="5" failures="0" timestamp="07 Oct 2020 18:30:53 GMT" time="56.402" errors="0">
  <testcase name="verifyEmailAddressTextboxVisibilityTest" time="5.120" classname="com.ijmeet.functionaltests.SignInPageTest"/>
  <testcase name="verifySignInTextVisibility" time="2.195" classname="com.ijmeet.functionaltests.SignInPageTest"/>
  <testcase name="verifyEmailAddressLabelVisibilityTest" time="3.460" classname="com.ijmeet.functionaltests.SignInPageTest"/>
  <testcase name="verifyPasswordLabelVisibilityTest" time="41.373" classname="com.ijmeet.functionaltests.SignInPageTest"/>
  <testcase name="verifyPasswordTextboxVisibilityTest" time="4.254" classname="com.ijmeet.functionaltests.SignInPageTest"/>
</testsuite> <!-- com.ijmeet.functionaltests.SignInPageTest -->
