<?xml version="1.0" encoding="UTF-8"?>
<!-- Generated by org.testng.reporters.JUnitReportReporter -->
<<<<<<< HEAD
<testsuite skipped="0" hostname="uptech" name="com.ijmeet.functionaltests.hostMeetingTest" tests="2" failures="0" timestamp="10 Oct 2020 08:38:49 GMT" time="19.430" errors="0">
  <testcase name="verifyIsSignUpTextPresent" time="10.232" classname="com.ijmeet.functionaltests.hostMeetingTest"/>
  <testcase name="verifyIsParagraphAvailable" time="9.198" classname="com.ijmeet.functionaltests.hostMeetingTest"/>
=======
<testsuite skipped="0" hostname="uptech" name="com.ijmeet.functionaltests.hostMeetingTest" tests="1" failures="0" timestamp="08 Oct 2020 04:03:10 GMT" time="33.819" errors="0">
  <testcase name="verifyIsSignUpTextPresent" time="33.819" classname="com.ijmeet.functionaltests.hostMeetingTest"/>
>>>>>>> 9fdecb915193ab87cce0ed62c3cf42b34c42508c
</testsuite> <!-- com.ijmeet.functionaltests.hostMeetingTest -->
