<?xml version="1.0" encoding="UTF-8"?>
<!-- Generated by org.testng.reporters.JUnitReportReporter -->
<testsuite skipped="0" hostname="shree" name="com.ijmeet.functionaltests.HomePageTests" tests="1" failures="0" timestamp="08 Oct 2020 17:36:15 GMT" time="0.127" errors="0">
  <testcase name="verifyIsLogoPresent" time="0.127" classname="com.ijmeet.functionaltests.HomePageTests"/>
</testsuite> <!-- com.ijmeet.functionaltests.HomePageTests -->
