<?xml version="1.0" encoding="UTF-8"?>
<!-- Generated by org.testng.reporters.JUnitReportReporter -->
<testsuite skipped="0" hostname="abc-PC" name="com.ijmeet.functionaltests.ContactSalesTest" tests="1" failures="0" timestamp="08 Oct 2020 07:21:51 GMT" time="5.023" errors="0">
  <testcase name="isNameTextBoxAvailableTest" time="5.023" classname="com.ijmeet.functionaltests.ContactSalesTest"/>
</testsuite> <!-- com.ijmeet.functionaltests.ContactSalesTest -->
