<?xml version="1.0" encoding="UTF-8"?>
<!-- Generated by org.testng.reporters.JUnitReportReporter -->
<testsuite hostname="LAPTOP-CNNSTU0S" failures="0" tests="12" name="com.ijmeet.functionaltests.SignupTests" time="60.967" errors="0" timestamp="11 Oct 2020 17:28:49 GMT" skipped="11">
  <testcase classname="com.ijmeet.functionaltests.SignupTests" name="verifylenthemailtextbox" time="60.967"/>
  <testcase classname="com.ijmeet.functionaltests.SignupTests" name="openSignUp_page">
    <skipped/>
  </testcase> <!-- openSignUp_page -->
  <testcase classname="com.ijmeet.functionaltests.SignupTests" name="PasswordisDisplayed">
    <skipped/>
  </testcase> <!-- PasswordisDisplayed -->
  <testcase classname="com.ijmeet.functionaltests.SignupTests" name="ComapnyNameisDisplayed">
    <skipped/>
  </testcase> <!-- ComapnyNameisDisplayed -->
  <testcase classname="com.ijmeet.functionaltests.SignupTests" name="SignUp_logo">
    <skipped/>
  </testcase> <!-- SignUp_logo -->
  <testcase classname="com.ijmeet.functionaltests.SignupTests" name="EmailIdplaceholder">
    <skipped/>
  </testcase> <!-- EmailIdplaceholder -->
  <testcase classname="com.ijmeet.functionaltests.SignupTests" name="EmailIdisDisplayed">
    <skipped/>
  </testcase> <!-- EmailIdisDisplayed -->
  <testcase classname="com.ijmeet.functionaltests.SignupTests" name="entermailId">
    <skipped/>
  </testcase> <!-- entermailId -->
  <testcase classname="com.ijmeet.functionaltests.SignupTests" name="textinCompany_input">
    <skipped/>
  </testcase> <!-- textinCompany_input -->
  <testcase classname="com.ijmeet.functionaltests.SignupTests" name="FullNameisDisplayed">
    <skipped/>
  </testcase> <!-- FullNameisDisplayed -->
  <testcase classname="com.ijmeet.functionaltests.SignupTests" name="enterCompanyNamelabel">
    <skipped/>
  </testcase> <!-- enterCompanyNamelabel -->
  <testcase classname="com.ijmeet.functionaltests.SignupTests" name="MobileNumisDisplayed">
    <skipped/>
  </testcase> <!-- MobileNumisDisplayed -->
</testsuite> <!-- com.ijmeet.functionaltests.SignupTests -->
