<?xml version="1.0" encoding="UTF-8"?>
<!-- Generated by org.testng.reporters.JUnitReportReporter -->
<testsuite skipped="0" hostname="shree" name="com.ijmeet.functionaltests.HomePageTests" tests="1" failures="0" timestamp="12 Oct 2020 06:19:32 GMT" time="101.626" errors="0">
  <testcase name="verifyIsWindowsWebStorePageVisible" time="101.626" classname="com.ijmeet.functionaltests.HomePageTests"/>
</testsuite> <!-- com.ijmeet.functionaltests.HomePageTests -->
