<?xml version="1.0" encoding="UTF-8"?>
<!-- Generated by org.testng.reporters.JUnitReportReporter -->
<testsuite skipped="0" hostname="Dell-PC" name="com.ijmeet.functionaltests.SignInPageTest" tests="1" failures="0" timestamp="07 Oct 2020 10:50:17 GMT" time="5.168" errors="0">
  <testcase name="verifySignInTextVisibility" time="5.168" classname="com.ijmeet.functionaltests.SignInPageTest"/>
</testsuite> <!-- com.ijmeet.functionaltests.SignInPageTest -->
