<?xml version="1.0" encoding="UTF-8"?>
<!-- Generated by org.testng.reporters.JUnitReportReporter -->
<testsuite skipped="0" hostname="Dell-PC" name="com.ijmeet.functionaltests.HomePageTests" tests="1" failures="0" timestamp="09 Oct 2020 19:17:07 GMT" time="0.046" errors="0">
  <testcase name="verifyIsHomePageVisible" time="0.046" classname="com.ijmeet.functionaltests.HomePageTests"/>
</testsuite> <!-- com.ijmeet.functionaltests.HomePageTests -->
